<?xml version="1.0" encoding="UTF-8"?>
<coverage generated="1647513490902" clover="3.2.0">
  <project timestamp="1647513490903" name="All files">
    <metrics statements="63" coveredstatements="38" conditionals="33" coveredconditionals="10" methods="8" coveredmethods="5" elements="104" coveredelements="53" complexity="0" loc="63" ncloc="63" packages="2" files="2" classes="2"/>
    <package name="features.profile">
      <metrics statements="29" coveredstatements="14" conditionals="7" coveredconditionals="0" methods="3" coveredmethods="0"/>
      <file name="Profile.tsx" path="C:\Users\ram_r\OneDrive\Документы\scrum-team-11-palapa-coders-from-the-people\src\features\profile\Profile.tsx">
        <metrics statements="29" coveredstatements="14" conditionals="7" coveredconditionals="0" methods="3" coveredmethods="0"/>
        <line num="2" count="4" type="stmt"/>
        <line num="5" count="4" type="stmt"/>
        <line num="6" count="4" type="stmt"/>
        <line num="7" count="4" type="stmt"/>
        <line num="8" count="4" type="stmt"/>
        <line num="9" count="4" type="stmt"/>
        <line num="10" count="4" type="stmt"/>
        <line num="11" count="4" type="stmt"/>
        <line num="12" count="4" type="stmt"/>
        <line num="13" count="4" type="stmt"/>
        <line num="14" count="4" type="stmt"/>
        <line num="15" count="4" type="stmt"/>
        <line num="16" count="4" type="stmt"/>
        <line num="17" count="0" type="stmt"/>
        <line num="18" count="0" type="stmt"/>
        <line num="19" count="0" type="stmt"/>
        <line num="20" count="0" type="stmt"/>
        <line num="21" count="0" type="stmt"/>
        <line num="22" count="0" type="stmt"/>
        <line num="23" count="0" type="stmt"/>
        <line num="24" count="0" type="stmt"/>
        <line num="25" count="0" type="cond" truecount="0" falsecount="2"/>
        <line num="26" count="0" type="stmt"/>
        <line num="35" count="0" type="cond" truecount="0" falsecount="3"/>
        <line num="37" count="0" type="stmt"/>
        <line num="42" count="0" type="stmt"/>
        <line num="73" count="0" type="cond" truecount="0" falsecount="2"/>
        <line num="83" count="0" type="stmt"/>
        <line num="86" count="4" type="stmt"/>
      </file>
    </package>
    <package name="shared.tests">
      <metrics statements="34" coveredstatements="24" conditionals="26" coveredconditionals="10" methods="5" coveredmethods="5"/>
      <file name="test-utils.tsx" path="C:\Users\ram_r\OneDrive\Документы\scrum-team-11-palapa-coders-from-the-people\src\shared\tests\test-utils.tsx">
        <metrics statements="34" coveredstatements="24" conditionals="26" coveredconditionals="10" methods="5" coveredmethods="5"/>
        <line num="2" count="4" type="stmt"/>
        <line num="5" count="4" type="stmt"/>
        <line num="9" count="4" type="stmt"/>
        <line num="10" count="4" type="stmt"/>
        <line num="11" count="4" type="stmt"/>
        <line num="12" count="4" type="stmt"/>
        <line num="13" count="4" type="stmt"/>
        <line num="14" count="324" type="cond" truecount="3" falsecount="1"/>
        <line num="15" count="324" type="cond" truecount="2" falsecount="0"/>
        <line num="16" count="320" type="cond" truecount="2" falsecount="2"/>
        <line num="17" count="320" type="stmt"/>
        <line num="20" count="6" type="stmt"/>
        <line num="24" count="4" type="stmt"/>
        <line num="25" count="4" type="stmt"/>
        <line num="26" count="4" type="stmt"/>
        <line num="27" count="4" type="stmt"/>
        <line num="28" count="4" type="stmt"/>
        <line num="30" count="8" type="cond" truecount="3" falsecount="1"/>
        <line num="31" count="8" type="stmt"/>
        <line num="33" count="0" type="stmt"/>
        <line num="34" count="0" type="cond" truecount="0" falsecount="2"/>
        <line num="35" count="0" type="stmt"/>
        <line num="36" count="0" type="cond" truecount="0" falsecount="2"/>
        <line num="37" count="0" type="cond" truecount="0" falsecount="4"/>
        <line num="38" count="0" type="cond" truecount="0" falsecount="4"/>
        <line num="39" count="0" type="stmt"/>
        <line num="41" count="0" type="stmt"/>
        <line num="46" count="0" type="stmt"/>
        <line num="47" count="0" type="stmt"/>
        <line num="51" count="4" type="stmt"/>
        <line num="52" count="5" type="stmt"/>
        <line num="59" count="5" type="stmt"/>
        <line num="64" count="4" type="stmt"/>
        <line num="65" count="4" type="stmt"/>
      </file>
    </package>
  </project>
</coverage>
