{"C:\\Users\\ram_r\\OneDrive\\Документы\\scrum-team-11-palapa-coders-from-the-people\\src\\features\\profile\\Profile.tsx": {"path":"C:\\Users\\ram_r\\OneDrive\\Документы\\scrum-team-11-palapa-coders-from-the-people\\src\\features\\profile\\Profile.tsx","statementMap":{"0":{"start":{"line":2,"column":0},"end":{"line":4,"column":3}},"1":{"start":{"line":5,"column":0},"end":{"line":5,"column":25}},"2":{"start":{"line":6,"column":18},"end":{"line":6,"column":55}},"3":{"start":{"line":7,"column":16},"end":{"line":7,"column":40}},"4":{"start":{"line":8,"column":13},"end":{"line":8,"column":29}},"5":{"start":{"line":9,"column":13},"end":{"line":9,"column":37}},"6":{"start":{"line":10,"column":18},"end":{"line":10,"column":50}},"7":{"start":{"line":11,"column":13},"end":{"line":11,"column":48}},"8":{"start":{"line":12,"column":16},"end":{"line":12,"column":59}},"9":{"start":{"line":13,"column":14},"end":{"line":13,"column":39}},"10":{"start":{"line":14,"column":17},"end":{"line":14,"column":45}},"11":{"start":{"line":15,"column":20},"end":{"line":15,"column":46}},"12":{"start":{"line":16,"column":16},"end":{"line":85,"column":1}},"13":{"start":{"line":17,"column":18},"end":{"line":17,"column":43}},"14":{"start":{"line":18,"column":19},"end":{"line":18,"column":61}},"15":{"start":{"line":19,"column":21},"end":{"line":19,"column":49}},"16":{"start":{"line":20,"column":72},"end":{"line":20,"column":124}},"17":{"start":{"line":21,"column":27},"end":{"line":21,"column":54}},"18":{"start":{"line":22,"column":33},"end":{"line":22,"column":79}},"19":{"start":{"line":23,"column":24},"end":{"line":23,"column":33}},"20":{"start":{"line":24,"column":4},"end":{"line":34,"column":7}},"21":{"start":{"line":25,"column":8},"end":{"line":30,"column":9}},"22":{"start":{"line":26,"column":12},"end":{"line":29,"column":16}},"23":{"start":{"line":35,"column":4},"end":{"line":84,"column":5}},"24":{"start":{"line":37,"column":12},"end":{"line":40,"column":16}},"25":{"start":{"line":42,"column":12},"end":{"line":81,"column":16}},"26":{"start":{"line":73,"column":107},"end":{"line":76,"column":52}},"27":{"start":{"line":83,"column":12},"end":{"line":83,"column":24}},"28":{"start":{"line":86,"column":0},"end":{"line":86,"column":26}}},"fnMap":{"0":{"name":"(anonymous_0)","decl":{"start":{"line":16,"column":16},"end":{"line":16,"column":17}},"loc":{"start":{"line":16,"column":36},"end":{"line":85,"column":1}},"line":16},"1":{"name":"(anonymous_1)","decl":{"start":{"line":24,"column":26},"end":{"line":24,"column":27}},"loc":{"start":{"line":24,"column":30},"end":{"line":31,"column":5}},"line":24},"2":{"name":"(anonymous_2)","decl":{"start":{"line":73,"column":80},"end":{"line":73,"column":81}},"loc":{"start":{"line":73,"column":107},"end":{"line":76,"column":52}},"line":73}},"branchMap":{"0":{"loc":{"start":{"line":25,"column":8},"end":{"line":30,"column":9}},"type":"if","locations":[{"start":{"line":25,"column":8},"end":{"line":30,"column":9}},{"start":{},"end":{}}],"line":25},"1":{"loc":{"start":{"line":35,"column":4},"end":{"line":84,"column":5}},"type":"switch","locations":[{"start":{"line":36,"column":8},"end":{"line":40,"column":16}},{"start":{"line":41,"column":8},"end":{"line":81,"column":16}},{"start":{"line":82,"column":8},"end":{"line":83,"column":24}}],"line":35},"2":{"loc":{"start":{"line":73,"column":38},"end":{"line":77,"column":48}},"type":"cond-expr","locations":[{"start":{"line":73,"column":55},"end":{"line":77,"column":29}},{"start":{"line":77,"column":32},"end":{"line":77,"column":48}}],"line":73}},"s":{"0":4,"1":4,"2":4,"3":4,"4":4,"5":4,"6":4,"7":4,"8":4,"9":4,"10":4,"11":4,"12":4,"13":0,"14":0,"15":0,"16":0,"17":0,"18":0,"19":0,"20":0,"21":0,"22":0,"23":0,"24":0,"25":0,"26":0,"27":0,"28":4},"f":{"0":0,"1":0,"2":0},"b":{"0":[0,0],"1":[0,0,0],"2":[0,0]},"_coverageSchema":"1a1c01bbd47fc00a2c39e90264f33305004495a9","hash":"d2eee575e8733167003c0c44d55b102e94541390"}
,"C:\\Users\\ram_r\\OneDrive\\Документы\\scrum-team-11-palapa-coders-from-the-people\\src\\shared\\tests\\test-utils.tsx": {"path":"C:\\Users\\ram_r\\OneDrive\\Документы\\scrum-team-11-palapa-coders-from-the-people\\src\\shared\\tests\\test-utils.tsx","statementMap":{"0":{"start":{"line":2,"column":0},"end":{"line":4,"column":3}},"1":{"start":{"line":5,"column":19},"end":{"line":8,"column":1}},"2":{"start":{"line":9,"column":0},"end":{"line":9,"column":44}},"3":{"start":{"line":10,"column":18},"end":{"line":10,"column":55}},"4":{"start":{"line":11,"column":18},"end":{"line":11,"column":40}},"5":{"start":{"line":12,"column":13},"end":{"line":12,"column":71}},"6":{"start":{"line":13,"column":0},"end":{"line":23,"column":3}},"7":{"start":{"line":14,"column":4},"end":{"line":14,"column":58}},"8":{"start":{"line":14,"column":51},"end":{"line":14,"column":58}},"9":{"start":{"line":15,"column":4},"end":{"line":15,"column":72}},"10":{"start":{"line":15,"column":65},"end":{"line":15,"column":72}},"11":{"start":{"line":16,"column":4},"end":{"line":16,"column":63}},"12":{"start":{"line":16,"column":56},"end":{"line":16,"column":63}},"13":{"start":{"line":17,"column":4},"end":{"line":22,"column":7}},"14":{"start":{"line":20,"column":12},"end":{"line":20,"column":31}},"15":{"start":{"line":24,"column":0},"end":{"line":24,"column":37}},"16":{"start":{"line":25,"column":0},"end":{"line":25,"column":24}},"17":{"start":{"line":26,"column":13},"end":{"line":26,"column":37}},"18":{"start":{"line":27,"column":13},"end":{"line":27,"column":42}},"19":{"start":{"line":28,"column":17},"end":{"line":28,"column":80}},"20":{"start":{"line":30,"column":4},"end":{"line":48,"column":5}},"21":{"start":{"line":31,"column":8},"end":{"line":31,"column":19}},"22":{"start":{"line":33,"column":21},"end":{"line":33,"column":23}},"23":{"start":{"line":34,"column":8},"end":{"line":45,"column":9}},"24":{"start":{"line":35,"column":12},"end":{"line":44,"column":13}},"25":{"start":{"line":36,"column":16},"end":{"line":43,"column":17}},"26":{"start":{"line":37,"column":31},"end":{"line":37,"column":136}},"27":{"start":{"line":38,"column":20},"end":{"line":42,"column":21}},"28":{"start":{"line":39,"column":24},"end":{"line":39,"column":65}},"29":{"start":{"line":41,"column":24},"end":{"line":41,"column":47}},"30":{"start":{"line":46,"column":8},"end":{"line":46,"column":29}},"31":{"start":{"line":47,"column":8},"end":{"line":47,"column":22}},"32":{"start":{"line":51,"column":18},"end":{"line":58,"column":1}},"33":{"start":{"line":52,"column":4},"end":{"line":57,"column":8}},"34":{"start":{"line":59,"column":21},"end":{"line":62,"column":6}},"35":{"start":{"line":59,"column":36},"end":{"line":62,"column":6}},"36":{"start":{"line":64,"column":0},"end":{"line":64,"column":31}},"37":{"start":{"line":65,"column":0},"end":{"line":65,"column":30}}},"fnMap":{"0":{"name":"(anonymous_0)","decl":{"start":{"line":13,"column":28},"end":{"line":13,"column":29}},"loc":{"start":{"line":13,"column":42},"end":{"line":23,"column":1}},"line":13},"1":{"name":"(anonymous_1)","decl":{"start":{"line":19,"column":13},"end":{"line":19,"column":14}},"loc":{"start":{"line":19,"column":24},"end":{"line":21,"column":9}},"line":19},"2":{"name":"_interopRequireWildcard","decl":{"start":{"line":29,"column":9},"end":{"line":29,"column":32}},"loc":{"start":{"line":29,"column":38},"end":{"line":49,"column":1}},"line":29},"3":{"name":"(anonymous_3)","decl":{"start":{"line":51,"column":18},"end":{"line":51,"column":19}},"loc":{"start":{"line":51,"column":35},"end":{"line":58,"column":1}},"line":51},"4":{"name":"(anonymous_4)","decl":{"start":{"line":59,"column":21},"end":{"line":59,"column":22}},"loc":{"start":{"line":59,"column":36},"end":{"line":62,"column":6}},"line":59}},"branchMap":{"0":{"loc":{"start":{"line":14,"column":4},"end":{"line":14,"column":58}},"type":"if","locations":[{"start":{"line":14,"column":4},"end":{"line":14,"column":58}},{"start":{},"end":{}}],"line":14},"1":{"loc":{"start":{"line":14,"column":8},"end":{"line":14,"column":49}},"type":"binary-expr","locations":[{"start":{"line":14,"column":8},"end":{"line":14,"column":25}},{"start":{"line":14,"column":29},"end":{"line":14,"column":49}}],"line":14},"2":{"loc":{"start":{"line":15,"column":4},"end":{"line":15,"column":72}},"type":"if","locations":[{"start":{"line":15,"column":4},"end":{"line":15,"column":72}},{"start":{},"end":{}}],"line":15},"3":{"loc":{"start":{"line":16,"column":4},"end":{"line":16,"column":63}},"type":"if","locations":[{"start":{"line":16,"column":4},"end":{"line":16,"column":63}},{"start":{},"end":{}}],"line":16},"4":{"loc":{"start":{"line":16,"column":8},"end":{"line":16,"column":54}},"type":"binary-expr","locations":[{"start":{"line":16,"column":8},"end":{"line":16,"column":22}},{"start":{"line":16,"column":26},"end":{"line":16,"column":54}}],"line":16},"5":{"loc":{"start":{"line":30,"column":4},"end":{"line":48,"column":5}},"type":"if","locations":[{"start":{"line":30,"column":4},"end":{"line":48,"column":5}},{"start":{"line":32,"column":11},"end":{"line":48,"column":5}}],"line":30},"6":{"loc":{"start":{"line":30,"column":8},"end":{"line":30,"column":29}},"type":"binary-expr","locations":[{"start":{"line":30,"column":8},"end":{"line":30,"column":11}},{"start":{"line":30,"column":15},"end":{"line":30,"column":29}}],"line":30},"7":{"loc":{"start":{"line":34,"column":8},"end":{"line":45,"column":9}},"type":"if","locations":[{"start":{"line":34,"column":8},"end":{"line":45,"column":9}},{"start":{},"end":{}}],"line":34},"8":{"loc":{"start":{"line":36,"column":16},"end":{"line":43,"column":17}},"type":"if","locations":[{"start":{"line":36,"column":16},"end":{"line":43,"column":17}},{"start":{},"end":{}}],"line":36},"9":{"loc":{"start":{"line":37,"column":31},"end":{"line":37,"column":136}},"type":"cond-expr","locations":[{"start":{"line":37,"column":90},"end":{"line":37,"column":131}},{"start":{"line":37,"column":134},"end":{"line":37,"column":136}}],"line":37},"10":{"loc":{"start":{"line":37,"column":31},"end":{"line":37,"column":87}},"type":"binary-expr","locations":[{"start":{"line":37,"column":31},"end":{"line":37,"column":52}},{"start":{"line":37,"column":56},"end":{"line":37,"column":87}}],"line":37},"11":{"loc":{"start":{"line":38,"column":20},"end":{"line":42,"column":21}},"type":"if","locations":[{"start":{"line":38,"column":20},"end":{"line":42,"column":21}},{"start":{"line":40,"column":27},"end":{"line":42,"column":21}}],"line":38},"12":{"loc":{"start":{"line":38,"column":24},"end":{"line":38,"column":44}},"type":"binary-expr","locations":[{"start":{"line":38,"column":24},"end":{"line":38,"column":32}},{"start":{"line":38,"column":36},"end":{"line":38,"column":44}}],"line":38}},"s":{"0":4,"1":4,"2":4,"3":4,"4":4,"5":4,"6":4,"7":324,"8":0,"9":324,"10":4,"11":320,"12":0,"13":320,"14":6,"15":4,"16":4,"17":4,"18":4,"19":4,"20":8,"21":8,"22":0,"23":0,"24":0,"25":0,"26":0,"27":0,"28":0,"29":0,"30":0,"31":0,"32":4,"33":5,"34":4,"35":5,"36":4,"37":4},"f":{"0":324,"1":6,"2":8,"3":5,"4":5},"b":{"0":[0,324],"1":[324,324],"2":[4,320],"3":[0,320],"4":[320,0],"5":[8,0],"6":[8,8],"7":[0,0],"8":[0,0],"9":[0,0],"10":[0,0],"11":[0,0],"12":[0,0]},"_coverageSchema":"1a1c01bbd47fc00a2c39e90264f33305004495a9","hash":"b405f0a1ed2378445144b34e8d0eb6df97113802"}
}
