TN:
SF:src\features\profile\Profile.tsx
FN:16,(anonymous_0)
FN:24,(anonymous_1)
FN:73,(anonymous_2)
FNF:3
FNH:0
FNDA:0,(anonymous_0)
FNDA:0,(anonymous_1)
FNDA:0,(anonymous_2)
DA:2,4
DA:5,4
DA:6,4
DA:7,4
DA:8,4
DA:9,4
DA:10,4
DA:11,4
DA:12,4
DA:13,4
DA:14,4
DA:15,4
DA:16,4
DA:17,0
DA:18,0
DA:19,0
DA:20,0
DA:21,0
DA:22,0
DA:23,0
DA:24,0
DA:25,0
DA:26,0
DA:35,0
DA:37,0
DA:42,0
DA:73,0
DA:83,0
DA:86,4
LF:29
LH:14
BRDA:25,0,0,0
BRDA:25,0,1,0
BRDA:35,1,0,0
BRDA:35,1,1,0
BRDA:35,1,2,0
BRDA:73,2,0,0
BRDA:73,2,1,0
BRF:7
BRH:0
end_of_record
TN:
SF:src\shared\tests\test-utils.tsx
FN:13,(anonymous_0)
FN:19,(anonymous_1)
FN:29,_interopRequireWildcard
FN:51,(anonymous_3)
FN:59,(anonymous_4)
FNF:5
FNH:5
FNDA:324,(anonymous_0)
FNDA:6,(anonymous_1)
FNDA:8,_interopRequireWildcard
FNDA:5,(anonymous_3)
FNDA:5,(anonymous_4)
DA:2,4
DA:5,4
DA:9,4
DA:10,4
DA:11,4
DA:12,4
DA:13,4
DA:14,324
DA:15,324
DA:16,320
DA:17,320
DA:20,6
DA:24,4
DA:25,4
DA:26,4
DA:27,4
DA:28,4
DA:30,8
DA:31,8
DA:33,0
DA:34,0
DA:35,0
DA:36,0
DA:37,0
DA:38,0
DA:39,0
DA:41,0
DA:46,0
DA:47,0
DA:51,4
DA:52,5
DA:59,5
DA:64,4
DA:65,4
LF:34
LH:24
BRDA:14,0,0,0
BRDA:14,0,1,324
BRDA:14,1,0,324
BRDA:14,1,1,324
BRDA:15,2,0,4
BRDA:15,2,1,320
BRDA:16,3,0,0
BRDA:16,3,1,320
BRDA:16,4,0,320
BRDA:16,4,1,0
BRDA:30,5,0,8
BRDA:30,5,1,0
BRDA:30,6,0,8
BRDA:30,6,1,8
BRDA:34,7,0,0
BRDA:34,7,1,0
BRDA:36,8,0,0
BRDA:36,8,1,0
BRDA:37,9,0,0
BRDA:37,9,1,0
BRDA:37,10,0,0
BRDA:37,10,1,0
BRDA:38,11,0,0
BRDA:38,11,1,0
BRDA:38,12,0,0
BRDA:38,12,1,0
BRF:26
BRH:10
end_of_record
